==1215368== Memcheck, a memory error detector
==1215368== Copyright (C) 2002-2017, and GNU GPL'd, by Julian Seward et al.
==1215368== Using Valgrind-3.18.1 and LibVEX; rerun with -h for copyright info
==1215368== Command: ./minishell
==1215368== Parent PID: 1215367
==1215368== 
==1215368== Invalid write of size 1
==1215368==    at 0x1098D4: custom_join (_readline.c:82)
==1215368==    by 0x109976: prompt (_readline.c:103)
==1215368==    by 0x10966D: read_input (_readline.c:44)
==1215368==    by 0x1093DD: main (minishell.c:28)
==1215368==  Address 0x4b24eef is 0 bytes after a block of size 31 alloc'd
==1215368==    at 0x4848899: malloc (in /usr/libexec/valgrind/vgpreload_memcheck-amd64-linux.so)
==1215368==    by 0x10974B: custom_join (_readline.c:63)
==1215368==    by 0x109976: prompt (_readline.c:103)
==1215368==    by 0x10966D: read_input (_readline.c:44)
==1215368==    by 0x1093DD: main (minishell.c:28)
==1215368== 
==1215368== Invalid read of size 1
==1215368==    at 0x484ED24: strlen (in /usr/libexec/valgrind/vgpreload_memcheck-amd64-linux.so)
==1215368==    by 0x48881D7: rl_set_prompt (in /usr/lib/x86_64-linux-gnu/libreadline.so.8.1)
==1215368==    by 0x4893CCF: readline (in /usr/lib/x86_64-linux-gnu/libreadline.so.8.1)
==1215368==    by 0x109685: read_input (_readline.c:45)
==1215368==    by 0x1093DD: main (minishell.c:28)
==1215368==  Address 0x4b24eef is 0 bytes after a block of size 31 alloc'd
==1215368==    at 0x4848899: malloc (in /usr/libexec/valgrind/vgpreload_memcheck-amd64-linux.so)
==1215368==    by 0x10974B: custom_join (_readline.c:63)
==1215368==    by 0x109976: prompt (_readline.c:103)
==1215368==    by 0x10966D: read_input (_readline.c:44)
==1215368==    by 0x1093DD: main (minishell.c:28)
==1215368== 
==1215368== Conditional jump or move depends on uninitialised value(s)
==1215368==    at 0x484E830: rindex (in /usr/libexec/valgrind/vgpreload_memcheck-amd64-linux.so)
==1215368==    by 0x4898D56: rl_expand_prompt (in /usr/lib/x86_64-linux-gnu/libreadline.so.8.1)
==1215368==    by 0x48881BF: rl_set_prompt (in /usr/lib/x86_64-linux-gnu/libreadline.so.8.1)
==1215368==    by 0x4893CCF: readline (in /usr/lib/x86_64-linux-gnu/libreadline.so.8.1)
==1215368==    by 0x109685: read_input (_readline.c:45)
==1215368==    by 0x1093DD: main (minishell.c:28)
==1215368== 
==1215368== Conditional jump or move depends on uninitialised value(s)
==1215368==    at 0x4898D5D: rl_expand_prompt (in /usr/lib/x86_64-linux-gnu/libreadline.so.8.1)
==1215368==    by 0x48881BF: rl_set_prompt (in /usr/lib/x86_64-linux-gnu/libreadline.so.8.1)
==1215368==    by 0x4893CCF: readline (in /usr/lib/x86_64-linux-gnu/libreadline.so.8.1)
==1215368==    by 0x109685: read_input (_readline.c:45)
==1215368==    by 0x1093DD: main (minishell.c:28)
==1215368== 
==1215368== Conditional jump or move depends on uninitialised value(s)
==1215368==    at 0x484ED28: strlen (in /usr/libexec/valgrind/vgpreload_memcheck-amd64-linux.so)
==1215368==    by 0x48985C7: ??? (in /usr/lib/x86_64-linux-gnu/libreadline.so.8.1)
==1215368==    by 0x4898E0D: rl_expand_prompt (in /usr/lib/x86_64-linux-gnu/libreadline.so.8.1)
==1215368==    by 0x48881BF: rl_set_prompt (in /usr/lib/x86_64-linux-gnu/libreadline.so.8.1)
==1215368==    by 0x4893CCF: readline (in /usr/lib/x86_64-linux-gnu/libreadline.so.8.1)
==1215368==    by 0x109685: read_input (_readline.c:45)
==1215368==    by 0x1093DD: main (minishell.c:28)
==1215368== 
==1215368== Conditional jump or move depends on uninitialised value(s)
==1215368==    at 0x484EA0A: index (in /usr/libexec/valgrind/vgpreload_memcheck-amd64-linux.so)
==1215368==    by 0x4898774: ??? (in /usr/lib/x86_64-linux-gnu/libreadline.so.8.1)
==1215368==    by 0x4898E0D: rl_expand_prompt (in /usr/lib/x86_64-linux-gnu/libreadline.so.8.1)
==1215368==    by 0x48881BF: rl_set_prompt (in /usr/lib/x86_64-linux-gnu/libreadline.so.8.1)
==1215368==    by 0x4893CCF: readline (in /usr/lib/x86_64-linux-gnu/libreadline.so.8.1)
==1215368==    by 0x109685: read_input (_readline.c:45)
==1215368==    by 0x1093DD: main (minishell.c:28)
==1215368== 
==1215368== Conditional jump or move depends on uninitialised value(s)
==1215368==    at 0x484EA0E: index (in /usr/libexec/valgrind/vgpreload_memcheck-amd64-linux.so)
==1215368==    by 0x4898774: ??? (in /usr/lib/x86_64-linux-gnu/libreadline.so.8.1)
==1215368==    by 0x4898E0D: rl_expand_prompt (in /usr/lib/x86_64-linux-gnu/libreadline.so.8.1)
==1215368==    by 0x48881BF: rl_set_prompt (in /usr/lib/x86_64-linux-gnu/libreadline.so.8.1)
==1215368==    by 0x4893CCF: readline (in /usr/lib/x86_64-linux-gnu/libreadline.so.8.1)
==1215368==    by 0x109685: read_input (_readline.c:45)
==1215368==    by 0x1093DD: main (minishell.c:28)
==1215368== 
==1215368== Conditional jump or move depends on uninitialised value(s)
==1215368==    at 0x484ED28: strlen (in /usr/libexec/valgrind/vgpreload_memcheck-amd64-linux.so)
==1215368==    by 0x4898C73: ??? (in /usr/lib/x86_64-linux-gnu/libreadline.so.8.1)
==1215368==    by 0x4898E0D: rl_expand_prompt (in /usr/lib/x86_64-linux-gnu/libreadline.so.8.1)
==1215368==    by 0x48881BF: rl_set_prompt (in /usr/lib/x86_64-linux-gnu/libreadline.so.8.1)
==1215368==    by 0x4893CCF: readline (in /usr/lib/x86_64-linux-gnu/libreadline.so.8.1)
==1215368==    by 0x109685: read_input (_readline.c:45)
==1215368==    by 0x1093DD: main (minishell.c:28)
==1215368== 
==1215368== Conditional jump or move depends on uninitialised value(s)
==1215368==    at 0x484ED28: strlen (in /usr/libexec/valgrind/vgpreload_memcheck-amd64-linux.so)
==1215368==    by 0x4898E2E: rl_expand_prompt (in /usr/lib/x86_64-linux-gnu/libreadline.so.8.1)
==1215368==    by 0x48881BF: rl_set_prompt (in /usr/lib/x86_64-linux-gnu/libreadline.so.8.1)
==1215368==    by 0x4893CCF: readline (in /usr/lib/x86_64-linux-gnu/libreadline.so.8.1)
==1215368==    by 0x109685: read_input (_readline.c:45)
==1215368==    by 0x1093DD: main (minishell.c:28)
==1215368== 
==1215368== Conditional jump or move depends on uninitialised value(s)
==1215368==    at 0x484ED28: strlen (in /usr/libexec/valgrind/vgpreload_memcheck-amd64-linux.so)
==1215368==    by 0x48AB5AE: _rl_adjust_point (in /usr/lib/x86_64-linux-gnu/libreadline.so.8.1)
==1215368==    by 0x48AB7D2: _rl_find_next_mbchar (in /usr/lib/x86_64-linux-gnu/libreadline.so.8.1)
==1215368==    by 0x4898A12: ??? (in /usr/lib/x86_64-linux-gnu/libreadline.so.8.1)
==1215368==    by 0x4898E0D: rl_expand_prompt (in /usr/lib/x86_64-linux-gnu/libreadline.so.8.1)
==1215368==    by 0x48881BF: rl_set_prompt (in /usr/lib/x86_64-linux-gnu/libreadline.so.8.1)
==1215368==    by 0x4893CCF: readline (in /usr/lib/x86_64-linux-gnu/libreadline.so.8.1)
==1215368==    by 0x109685: read_input (_readline.c:45)
==1215368==    by 0x1093DD: main (minishell.c:28)
==1215368== 
==1215368== Conditional jump or move depends on uninitialised value(s)
==1215368==    at 0x484ED28: strlen (in /usr/libexec/valgrind/vgpreload_memcheck-amd64-linux.so)
==1215368==    by 0x48AB80F: _rl_find_next_mbchar (in /usr/lib/x86_64-linux-gnu/libreadline.so.8.1)
==1215368==    by 0x4898A12: ??? (in /usr/lib/x86_64-linux-gnu/libreadline.so.8.1)
==1215368==    by 0x4898E0D: rl_expand_prompt (in /usr/lib/x86_64-linux-gnu/libreadline.so.8.1)
==1215368==    by 0x48881BF: rl_set_prompt (in /usr/lib/x86_64-linux-gnu/libreadline.so.8.1)
==1215368==    by 0x4893CCF: readline (in /usr/lib/x86_64-linux-gnu/libreadline.so.8.1)
==1215368==    by 0x109685: read_input (_readline.c:45)
==1215368==    by 0x1093DD: main (minishell.c:28)
==1215368== 
==1215368== Conditional jump or move depends on uninitialised value(s)
==1215368==    at 0x484ED28: strlen (in /usr/libexec/valgrind/vgpreload_memcheck-amd64-linux.so)
==1215368==    by 0x48AB96A: _rl_find_next_mbchar (in /usr/lib/x86_64-linux-gnu/libreadline.so.8.1)
==1215368==    by 0x4898A12: ??? (in /usr/lib/x86_64-linux-gnu/libreadline.so.8.1)
==1215368==    by 0x4898E0D: rl_expand_prompt (in /usr/lib/x86_64-linux-gnu/libreadline.so.8.1)
==1215368==    by 0x48881BF: rl_set_prompt (in /usr/lib/x86_64-linux-gnu/libreadline.so.8.1)
==1215368==    by 0x4893CCF: readline (in /usr/lib/x86_64-linux-gnu/libreadline.so.8.1)
==1215368==    by 0x109685: read_input (_readline.c:45)
==1215368==    by 0x1093DD: main (minishell.c:28)
==1215368== 
==1215368== Conditional jump or move depends on uninitialised value(s)
==1215368==    at 0x484ED19: strlen (in /usr/libexec/valgrind/vgpreload_memcheck-amd64-linux.so)
==1215368==    by 0x48AB96A: _rl_find_next_mbchar (in /usr/lib/x86_64-linux-gnu/libreadline.so.8.1)
==1215368==    by 0x4898A12: ??? (in /usr/lib/x86_64-linux-gnu/libreadline.so.8.1)
==1215368==    by 0x4898E0D: rl_expand_prompt (in /usr/lib/x86_64-linux-gnu/libreadline.so.8.1)
==1215368==    by 0x48881BF: rl_set_prompt (in /usr/lib/x86_64-linux-gnu/libreadline.so.8.1)
==1215368==    by 0x4893CCF: readline (in /usr/lib/x86_64-linux-gnu/libreadline.so.8.1)
==1215368==    by 0x109685: read_input (_readline.c:45)
==1215368==    by 0x1093DD: main (minishell.c:28)
==1215368== 
==1215368== Conditional jump or move depends on uninitialised value(s)
==1215368==    at 0x4898719: ??? (in /usr/lib/x86_64-linux-gnu/libreadline.so.8.1)
==1215368==    by 0x4898E0D: rl_expand_prompt (in /usr/lib/x86_64-linux-gnu/libreadline.so.8.1)
==1215368==    by 0x48881BF: rl_set_prompt (in /usr/lib/x86_64-linux-gnu/libreadline.so.8.1)
==1215368==    by 0x4893CCF: readline (in /usr/lib/x86_64-linux-gnu/libreadline.so.8.1)
==1215368==    by 0x109685: read_input (_readline.c:45)
==1215368==    by 0x1093DD: main (minishell.c:28)
==1215368== 
==1215368== 
==1215368== HEAP SUMMARY:
==1215368==     in use at exit: 208,283 bytes in 224 blocks
==1215368==   total heap usage: 549 allocs, 325 frees, 232,272 bytes allocated
==1215368== 
==1215368== 62 bytes in 2 blocks are definitely lost in loss record 16 of 64
==1215368==    at 0x4848899: malloc (in /usr/libexec/valgrind/vgpreload_memcheck-amd64-linux.so)
==1215368==    by 0x10974B: custom_join (_readline.c:63)
==1215368==    by 0x109976: prompt (_readline.c:103)
==1215368==    by 0x10966D: read_input (_readline.c:44)
==1215368==    by 0x1093DD: main (minishell.c:28)
==1215368== 
==1215368== LEAK SUMMARY:
==1215368==    definitely lost: 62 bytes in 2 blocks
==1215368==    indirectly lost: 0 bytes in 0 blocks
==1215368==      possibly lost: 0 bytes in 0 blocks
==1215368==    still reachable: 0 bytes in 0 blocks
==1215368==         suppressed: 208,221 bytes in 222 blocks
==1215368== 
==1215368== Use --track-origins=yes to see where uninitialised values come from
==1215368== For lists of detected and suppressed errors, rerun with: -s
==1215368== ERROR SUMMARY: 208 errors from 15 contexts (suppressed: 0 from 0)
